actionid: tox
msg: packaging
cmdargs: ['c:\\python36\\python.exe', local('D:\\Other\\automation\\setup.py'), 'sdist', '--formats=zip', '--dist-dir', local('D:\\Other\\automation\\.tox\\dist')]

running sdist
running egg_info
writing test.egg-info\PKG-INFO
writing dependency_links to test.egg-info\dependency_links.txt
writing top-level names to test.egg-info\top_level.txt
reading manifest file 'test.egg-info\SOURCES.txt'
writing manifest file 'test.egg-info\SOURCES.txt'
warning: sdist: standard file not found: should have one of README, README.rst, README.txt, README.md

running check
warning: check: missing required meta-data: url

warning: check: missing meta-data: either (author and author_email) or (maintainer and maintainer_email) must be supplied

creating test-0.0.0
creating test-0.0.0\automation
creating test-0.0.0\test.egg-info
copying files to test-0.0.0...
copying setup.py -> test-0.0.0
copying automation\__init__.py -> test-0.0.0\automation
copying automation\get_page_content.py -> test-0.0.0\automation
copying test.egg-info\PKG-INFO -> test-0.0.0\test.egg-info
copying test.egg-info\SOURCES.txt -> test-0.0.0\test.egg-info
copying test.egg-info\dependency_links.txt -> test-0.0.0\test.egg-info
copying test.egg-info\top_level.txt -> test-0.0.0\test.egg-info
Writing test-0.0.0\setup.cfg
creating 'D:\Other\automation\.tox\dist\test-0.0.0.zip' and adding 'test-0.0.0' to it
adding 'test-0.0.0\PKG-INFO'
adding 'test-0.0.0\setup.cfg'
adding 'test-0.0.0\setup.py'
adding 'test-0.0.0\automation\get_page_content.py'
adding 'test-0.0.0\automation\__init__.py'
adding 'test-0.0.0\test.egg-info\dependency_links.txt'
adding 'test-0.0.0\test.egg-info\PKG-INFO'
adding 'test-0.0.0\test.egg-info\SOURCES.txt'
adding 'test-0.0.0\test.egg-info\top_level.txt'
removing 'test-0.0.0' (and everything under it)
